<?xml version="1.0" encoding="UTF-8"?>
<!-- Generated by org.testng.reporters.JUnitXMLReporter -->
<testsuite ignored="0" hostname="DESKTOP-BSK1J2J" failures="0" tests="4" name="smoke Test" time="9.092" errors="0" timestamp="2021-10-30T11:39:53 EDT">
  <testcase classname="inventoryTest.InvoiceTest" name="invoiceLinkTest" time="5.125"/>
  <testcase classname="loginTest.LoginTest" name="positiveLoginTest" time="0.134"/>
  <testcase classname="loginTest.LoginTest" name="negativeLoginTest" time="0.088"/>
  <testcase classname="loginTest.LoginTest" name="nullLoginTest" time="0.073"/>
</testsuite> <!-- smoke Test -->
