<?xml version="1.0" encoding="UTF-8"?>
<!-- Generated by org.testng.reporters.JUnitXMLReporter -->
<testsuite ignored="0" hostname="DESKTOP-BSK1J2J" failures="0" tests="3" name="Test1" time="3.986" errors="0" timestamp="2021-12-12T15:54:58 EST">
  <testcase classname="tests.LoginTest" name="positiveLoginTest" time="0.655"/>
  <testcase classname="tests.LoginTest" name="negativeLoginTest" time="0.145"/>
  <testcase classname="tests.LoginTest" name="nullLoginTest" time="0.138"/>
</testsuite> <!-- Test1 -->
