<?xml version="1.0" encoding="UTF-8"?>
<!-- Generated by org.testng.reporters.JUnitXMLReporter -->
<testsuite ignored="0" hostname="DESKTOP-BSK1J2J" failures="0" tests="4" name="Test" time="7.517" errors="0" timestamp="2021-11-06T16:30:38 EDT">
  <testcase classname="tests.InvoiceTest" name="invoiceLinkTest" time="0.24"/>
  <testcase classname="tests.LoginTest" name="positiveLoginTest" time="0.246"/>
  <testcase classname="tests.LoginTest" name="negativeLoginTest" time="0.769"/>
  <testcase classname="tests.LoginTest" name="nullLoginTest" time="0.098"/>
</testsuite> <!-- Test -->
