<?xml version="1.0" encoding="UTF-8"?>
<testng-results ignored="0" total="5" passed="4" failed="1" skipped="0">
  <reporter-output>
  </reporter-output>
  <suite started-at="2021-12-12T15:54:54 EST" name="Suite" finished-at="2021-12-12T15:55:11 EST" duration-ms="16674">
    <groups>
      <group name="smoke">
        <method signature="LoginTest.negativeLoginTest()[pri:1, instance:tests.LoginTest@6497b078]" name="negativeLoginTest" class="tests.LoginTest"/>
        <method signature="LoginTest.nullLoginTest()[pri:2, instance:tests.LoginTest@6497b078]" name="nullLoginTest" class="tests.LoginTest"/>
        <method signature="LoginTest.positiveLoginTest()[pri:0, instance:tests.LoginTest@6497b078]" name="positiveLoginTest" class="tests.LoginTest"/>
      </group> <!-- smoke -->
    </groups>
    <test started-at="2021-12-12T15:54:54 EST" name="Test1" finished-at="2021-12-12T15:54:58 EST" duration-ms="3986">
      <class name="tests.LoginTest">
        <test-method is-config="true" signature="openApp()[pri:0, instance:tests.LoginTest@6497b078]" started-at="2021-12-12T15:54:54 EST" name="openApp" finished-at="2021-12-12T15:54:57 EST" duration-ms="2823" status="PASS">
          <reporter-output>
          </reporter-output>
        </test-method> <!-- openApp -->
        <test-method signature="positiveLoginTest()[pri:0, instance:tests.LoginTest@6497b078]" started-at="2021-12-12T15:54:57 EST" name="positiveLoginTest" finished-at="2021-12-12T15:54:58 EST" duration-ms="655" status="PASS">
          <reporter-output>
          </reporter-output>
        </test-method> <!-- positiveLoginTest -->
        <test-method signature="negativeLoginTest()[pri:1, instance:tests.LoginTest@6497b078]" started-at="2021-12-12T15:54:58 EST" name="negativeLoginTest" finished-at="2021-12-12T15:54:58 EST" duration-ms="145" status="PASS">
          <reporter-output>
          </reporter-output>
        </test-method> <!-- negativeLoginTest -->
        <test-method signature="nullLoginTest()[pri:2, instance:tests.LoginTest@6497b078]" started-at="2021-12-12T15:54:58 EST" name="nullLoginTest" finished-at="2021-12-12T15:54:58 EST" duration-ms="138" status="PASS">
          <reporter-output>
          </reporter-output>
        </test-method> <!-- nullLoginTest -->
        <test-method is-config="true" signature="finishTest()[pri:0, instance:tests.LoginTest@6497b078]" started-at="2021-12-12T15:54:58 EST" name="finishTest" finished-at="2021-12-12T15:54:58 EST" duration-ms="180" status="PASS">
          <reporter-output>
          </reporter-output>
        </test-method> <!-- finishTest -->
      </class> <!-- tests.LoginTest -->
    </test> <!-- Test1 -->
    <test started-at="2021-12-12T15:54:58 EST" name="Test2" finished-at="2021-12-12T15:55:11 EST" duration-ms="12670">
      <class name="tests.InventoryTest">
        <test-method is-config="true" signature="op()[pri:0, instance:tests.InventoryTest@3e6ef8ad]" started-at="2021-12-12T15:54:58 EST" name="op" finished-at="2021-12-12T15:55:01 EST" duration-ms="2207" status="PASS">
          <reporter-output>
          </reporter-output>
        </test-method> <!-- op -->
        <test-method signature="clickpament()[pri:0, instance:tests.InventoryTest@3e6ef8ad]" started-at="2021-12-12T15:55:01 EST" name="clickpament" finished-at="2021-12-12T15:55:11 EST" duration-ms="10048" status="FAIL">
          <exception class="org.openqa.selenium.NoSuchElementException">
            <message>
              <![CDATA[no such element: Unable to locate element: {"method":"xpath","selector":" //span[@class='btn btn-info']"}
  (Session info: chrome=96.0.4664.93)
For documentation on this error, please visit: https://selenium.dev/exceptions/#no_such_element
Build info: version: '4.0.0', revision: '3a21814679'
System info: host: 'DESKTOP-BSK1J2J', ip: '192.168.1.52', os.name: 'Windows 10', os.arch: 'amd64', os.version: '10.0', java.version: '16.0.2'
Driver info: org.openqa.selenium.chrome.ChromeDriver
Command: [e547f7dfc8a755ebe3d1a2722bb9944d, findElement {using=xpath, value= //span[@class='btn btn-info']}]
Capabilities {acceptInsecureCerts: false, browserName: chrome, browserVersion: 96.0.4664.93, chrome: {chromedriverVersion: 96.0.4664.45 (76e4c1bb2ab46..., userDataDir: C:\Users\Anikm\AppData\Loca...}, goog:chromeOptions: {debuggerAddress: localhost:29329}, javascriptEnabled: true, networkConnectionEnabled: false, pageLoadStrategy: normal, platform: WINDOWS, platformName: WINDOWS, proxy: Proxy(), se:cdp: ws://localhost:29329/devtoo..., se:cdpVersion: 96.0.4664.93, setWindowRect: true, strictFileInteractability: false, timeouts: {implicit: 0, pageLoad: 300000, script: 30000}, unhandledPromptBehavior: dismiss and notify, webauthn:extension:credBlob: true, webauthn:extension:largeBlob: true, webauthn:virtualAuthenticators: true}
Session ID: e547f7dfc8a755ebe3d1a2722bb9944d]]>
            </message>
            <full-stacktrace>
              <![CDATA[org.openqa.selenium.NoSuchElementException: no such element: Unable to locate element: {"method":"xpath","selector":" //span[@class='btn btn-info']"}
  (Session info: chrome=96.0.4664.93)
For documentation on this error, please visit: https://selenium.dev/exceptions/#no_such_element
Build info: version: '4.0.0', revision: '3a21814679'
System info: host: 'DESKTOP-BSK1J2J', ip: '192.168.1.52', os.name: 'Windows 10', os.arch: 'amd64', os.version: '10.0', java.version: '16.0.2'
Driver info: org.openqa.selenium.chrome.ChromeDriver
Command: [e547f7dfc8a755ebe3d1a2722bb9944d, findElement {using=xpath, value= //span[@class='btn btn-info']}]
Capabilities {acceptInsecureCerts: false, browserName: chrome, browserVersion: 96.0.4664.93, chrome: {chromedriverVersion: 96.0.4664.45 (76e4c1bb2ab46..., userDataDir: C:\Users\Anikm\AppData\Loca...}, goog:chromeOptions: {debuggerAddress: localhost:29329}, javascriptEnabled: true, networkConnectionEnabled: false, pageLoadStrategy: normal, platform: WINDOWS, platformName: WINDOWS, proxy: Proxy(), se:cdp: ws://localhost:29329/devtoo..., se:cdpVersion: 96.0.4664.93, setWindowRect: true, strictFileInteractability: false, timeouts: {implicit: 0, pageLoad: 300000, script: 30000}, unhandledPromptBehavior: dismiss and notify, webauthn:extension:credBlob: true, webauthn:extension:largeBlob: true, webauthn:virtualAuthenticators: true}
Session ID: e547f7dfc8a755ebe3d1a2722bb9944d
at java.base/jdk.internal.reflect.NativeConstructorAccessorImpl.newInstance0(Native Method)
at java.base/jdk.internal.reflect.NativeConstructorAccessorImpl.newInstance(NativeConstructorAccessorImpl.java:78)
at java.base/jdk.internal.reflect.DelegatingConstructorAccessorImpl.newInstance(DelegatingConstructorAccessorImpl.java:45)
at java.base/java.lang.reflect.Constructor.newInstanceWithCaller(Constructor.java:499)
at java.base/java.lang.reflect.Constructor.newInstance(Constructor.java:480)
at org.openqa.selenium.remote.codec.w3c.W3CHttpResponseCodec.createException(W3CHttpResponseCodec.java:200)
at org.openqa.selenium.remote.codec.w3c.W3CHttpResponseCodec.decode(W3CHttpResponseCodec.java:133)
at org.openqa.selenium.remote.codec.w3c.W3CHttpResponseCodec.decode(W3CHttpResponseCodec.java:53)
at org.openqa.selenium.remote.HttpCommandExecutor.execute(HttpCommandExecutor.java:184)
at org.openqa.selenium.remote.service.DriverCommandExecutor.invokeExecute(DriverCommandExecutor.java:164)
at org.openqa.selenium.remote.service.DriverCommandExecutor.execute(DriverCommandExecutor.java:139)
at org.openqa.selenium.remote.RemoteWebDriver.execute(RemoteWebDriver.java:559)
at org.openqa.selenium.remote.ElementLocation$ElementFinder$2.findElement(ElementLocation.java:162)
at org.openqa.selenium.remote.ElementLocation.findElement(ElementLocation.java:60)
at org.openqa.selenium.remote.RemoteWebDriver.findElement(RemoteWebDriver.java:383)
at org.openqa.selenium.remote.RemoteWebDriver.findElement(RemoteWebDriver.java:375)
at pages.InventoryPage.payment(InventoryPage.java:13)
at tests.InventoryTest.clickpament(InventoryTest.java:31)
at java.base/jdk.internal.reflect.NativeMethodAccessorImpl.invoke0(Native Method)
at java.base/jdk.internal.reflect.NativeMethodAccessorImpl.invoke(NativeMethodAccessorImpl.java:78)
at java.base/jdk.internal.reflect.DelegatingMethodAccessorImpl.invoke(DelegatingMethodAccessorImpl.java:43)
at java.base/java.lang.reflect.Method.invoke(Method.java:567)
at org.testng.internal.MethodInvocationHelper.invokeMethod(MethodInvocationHelper.java:133)
at org.testng.internal.TestInvoker.invokeMethod(TestInvoker.java:598)
at org.testng.internal.TestInvoker.invokeTestMethod(TestInvoker.java:173)
at org.testng.internal.MethodRunner.runInSequence(MethodRunner.java:46)
at org.testng.internal.TestInvoker$MethodInvocationAgent.invoke(TestInvoker.java:824)
at org.testng.internal.TestInvoker.invokeTestMethods(TestInvoker.java:146)
at org.testng.internal.TestMethodWorker.invokeTestMethods(TestMethodWorker.java:146)
at org.testng.internal.TestMethodWorker.run(TestMethodWorker.java:128)
at java.base/java.util.concurrent.ThreadPoolExecutor.runWorker(ThreadPoolExecutor.java:1130)
at java.base/java.util.concurrent.ThreadPoolExecutor$Worker.run(ThreadPoolExecutor.java:630)
at java.base/java.lang.Thread.run(Thread.java:831)
]]>
            </full-stacktrace>
          </exception> <!-- org.openqa.selenium.NoSuchElementException -->
          <reporter-output>
          </reporter-output>
        </test-method> <!-- clickpament -->
        <test-method signature="logIN()[pri:0, instance:tests.InventoryTest@3e6ef8ad]" started-at="2021-12-12T15:55:11 EST" name="logIN" finished-at="2021-12-12T15:55:11 EST" duration-ms="222" status="PASS">
          <reporter-output>
          </reporter-output>
        </test-method> <!-- logIN -->
        <test-method is-config="true" signature="finish()[pri:0, instance:tests.InventoryTest@3e6ef8ad]" started-at="2021-12-12T15:55:11 EST" name="finish" finished-at="2021-12-12T15:55:11 EST" duration-ms="183" status="PASS">
          <reporter-output>
          </reporter-output>
        </test-method> <!-- finish -->
      </class> <!-- tests.InventoryTest -->
    </test> <!-- Test2 -->
  </suite> <!-- Suite -->
</testng-results>
